#
# A fatal error has been detected by the Java Runtime Environment:
#
#  SIGSEGV (0xb) at pc=0x00007fff51b42fc1, pid=48958, tid=0x0000000000000307
#
# JRE version: Java(TM) SE Runtime Environment (8.0_171-b11) (build 1.8.0_171-b11)
# Java VM: Java HotSpot(TM) 64-Bit Server VM (25.171-b11 mixed mode bsd-amd64 compressed oops)
# Problematic frame:
# C  [HIToolbox+0x1cfc1]  MenuElement::ResolveStore(long*, __CFString const*)+0x13
#
# Failed to write core dump. Core dumps have been disabled. To enable core dumping, try "ulimit -c unlimited" before starting Java again
#
# If you would like to submit a bug report, please visit:
#   http://bugreport.java.com/bugreport/crash.jsp
# The crash happened outside the Java Virtual Machine in native code.
# See problematic frame for where to report the bug.
#

---------------  T H R E A D  ---------------

Current thread (0x00007f7f608a9800):  JavaThread "JavaFX Application Thread" [_thread_in_native, id=775, stack(0x00007ffee03d0000,0x00007ffee0bd0000)]

siginfo: si_signo: 11 (SIGSEGV), si_code: 1 (SEGV_MAPERR), si_addr: 0x0000000000028a35

Registers:
RAX=0x00007ffee0bcc100, RBX=0x0000000000028a25, RCX=0x000000006d61676e, RDX=0x000000000000000b
RSP=0x00007ffee0bcbfe0, RBP=0x00007ffee0bcc010, RSI=0x00007ffee0bcc020, RDI=0x00000000000289c5
R8 =0x0000000000000000, R9 =0x0000000000000004, R10=0x000000000000000d, R11=0x000000000000000d
R12=0x000000006d61676e, R13=0x00000000000289c5, R14=0x0000000000000004, R15=0x0000000000000000
RIP=0x00007fff51b42fc1, EFLAGS=0x0000000000010202, ERR=0x0000000000000004
  TRAPNO=0x000000000000000e

Top of Stack: (sp=0x00007ffee0bcbfe0)
0x00007ffee0bcbfe0:   00007ffee0bcc010 00007fff51b9db48
0x00007ffee0bcbff0:   000000000000000b 000000006d61676e
0x00007ffee0bcc000:   0000000000000004 0000000000000000
0x00007ffee0bcc010:   00007ffee0bcc050 00007fff51b42f60
0x00007ffee0bcc020:   0000000000000001 00007ffee0bcc1d8
0x00007ffee0bcc030:   00007f7f62db8180 0000000000000001
0x00007ffee0bcc040:   0000000000000001 0000000000000001
0x00007ffee0bcc050:   00007ffee0bcc160 00007fff51b879cb
0x00007ffee0bcc060:   0000000000000000 00007ffee0bcc100
0x00007ffee0bcc070:   0000000000000006 0000000000000000
0x00007ffee0bcc080:   00007ffee0bcc230 00007ffee0bcc200
0x00007ffee0bcc090:   00007ffee0bcc218 00007ffee0bcc228
0x00007ffee0bcc0a0:   00007ffee0bcc1e8 00007ffee0bcc1fc
0x00007ffee0bcc0b0:   0000000000000000 00007ffee0bcc1d8
0x00007ffee0bcc0c0:   00007f7f62daaf18 00007ffee0bcc208
0x00007ffee0bcc0d0:   00000000006e0000 0504010151b48626
0x00007ffee0bcc0e0:   0002000000000002 00000000ffffe901
0x00007ffee0bcc0f0:   00007ffee0bcc210 00007f7f62db8180
0x00007ffee0bcc100:   00007f7f00000000 0000000000000000
0x00007ffee0bcc110:   00007ffee0bcc140 00007f7f62d0ba90
0x00007ffee0bcc120:   00007f7f62ca0001 0000000000000002
0x00007ffee0bcc130:   00007f7f00001b00 00007ffee0bcc1d8
0x00007ffee0bcc140:   0000000000000000 0000000000000002
0x00007ffee0bcc150:   0000000000000000 00007ffee0bcc208
0x00007ffee0bcc160:   00007ffee0bcc1c0 00007fff51b86a3f
0x00007ffee0bcc170:   00007ffee0bcc220 00007f7f62daaee0
0x00007ffee0bcc180:   0000000100000002 00007fff50a52cb6
0x00007ffee0bcc190:   00007fff50aaf6ac 00007f7f62d3a200
0x00007ffee0bcc1a0:   00007f7f62d3a200 0000000000000000
0x00007ffee0bcc1b0:   00007ffee0bcc1fc 00007ffee0bcc2a0
0x00007ffee0bcc1c0:   00007ffee0bcc280 00007fff51b8670d
0x00007ffee0bcc1d0:   00007ffee0bcc200 00000000ad010001 

Instructions: (pc=0x00007fff51b42fc1)
0x00007fff51b42fa1:   5d 41 5e 41 5f 5d c3 90 90 90 90 90 90 55 48 89
0x00007fff51b42fb1:   e5 41 57 41 56 41 54 53 48 83 ec 10 48 8d 5f 60
0x00007fff51b42fc1:   80 7f 70 00 0f 84 b2 00 00 00 49 89 d6 49 89 f7
0x00007fff51b42fd1:   48 85 f6 75 0b 4c 8d 7d d0 49 c7 07 00 00 00 00 

Register to memory mapping:

RAX=0x00007ffee0bcc100 is pointing into the stack for thread: 0x00007f7f608a9800
RBX=0x0000000000028a25 is an unknown value
RCX=0x000000006d61676e is an unknown value
RDX=0x000000000000000b is an unknown value
RSP=0x00007ffee0bcbfe0 is pointing into the stack for thread: 0x00007f7f608a9800
RBP=0x00007ffee0bcc010 is pointing into the stack for thread: 0x00007f7f608a9800
RSI=0x00007ffee0bcc020 is pointing into the stack for thread: 0x00007f7f608a9800
RDI=0x00000000000289c5 is an unknown value
R8 =0x0000000000000000 is an unknown value
R9 =0x0000000000000004 is an unknown value
R10=0x000000000000000d is an unknown value
R11=0x000000000000000d is an unknown value
R12=0x000000006d61676e is an unknown value
R13=0x00000000000289c5 is an unknown value
R14=0x0000000000000004 is an unknown value
R15=0x0000000000000000 is an unknown value


Stack: [0x00007ffee03d0000,0x00007ffee0bd0000],  sp=0x00007ffee0bcbfe0,  free space=8175k
Native frames: (J=compiled Java code, j=interpreted, Vv=VM code, C=native code)
C  [HIToolbox+0x1cfc1]  MenuElement::ResolveStore(long*, __CFString const*)+0x13
C  [HIToolbox+0x1cf60]  MenuElement::ResolveAndGetData(long, __CFString const*, unsigned int, unsigned int*, unsigned long, unsigned long*, void*)+0x44
C  [HIToolbox+0x619cb]  Check1MenuForKeyEvent(MenuData*, CheckMenuData*)+0x597
C  [HIToolbox+0x60a3f]  CheckMenusForKeyEvent(MenuData*, CheckMenuData*)+0x2c1
C  [HIToolbox+0x6070d]  _IsMenuKeyEvent(MenuData*, OpaqueEventRef*, unsigned int, MenuData**, unsigned short*)+0x1c7
C  [HIToolbox+0x604ff]  IsMenuKeyEvent+0x6f
C  [AppKit+0x544c45]  +[NSCarbonMenuImpl _menuItemWithKeyEquivalentMatchingEventRef:inMenu:includingDisabledItems:]+0xd5
C  [AppKit+0x336881]  _NSFindMenuItemMatchingCommandKeyEvent+0xa3
C  [AppKit+0x367372]  -[NSMenu performKeyEquivalent:]+0x8f
C  [AppKit+0x7ecd5f]  routeKeyEquivalent+0x35c
C  [AppKit+0x25128]  -[NSApplication(NSEvent) sendEvent:]+0x428
C  [AppKit+0x135c0]  -[NSApplication run]+0x2f3
C  [libglass.dylib+0x68b9]  -[GlassApplication runLoop:]+0x769
C  [Foundation+0xb0302]  __NSThreadPerformPerform+0x148
C  [CoreFoundation+0x57e33]  __CFRUNLOOP_IS_CALLING_OUT_TO_A_SOURCE0_PERFORM_FUNCTION__+0x11
C  [CoreFoundation+0x57dd9]  __CFRunLoopDoSource0+0x6c
C  [CoreFoundation+0x3b79b]  __CFRunLoopDoSources0+0xc3
C  [CoreFoundation+0x3ad65]  __CFRunLoopRun+0x4a5
C  [CoreFoundation+0x3a66e]  CFRunLoopRunSpecific+0x1c7
C  [java+0x6472]  CreateExecutionEnvironment+0x367
C  [java+0x207c]  JLI_Launch+0x7a0
C  [java+0x84cf]  main+0x65
C  [java+0x18d4]  start+0x34
C  0x0000000000000005


---------------  P R O C E S S  ---------------

Java Threads: ( => current thread )
  0x00007f7f62349000 JavaThread "Prism Font Disposer" daemon [_thread_blocked, id=50951, stack(0x0000700005410000,0x0000700005510000)]
  0x00007f7f62226000 JavaThread "JavaFX-Launcher" [_thread_blocked, id=48903, stack(0x000070000530d000,0x000070000540d000)]
  0x00007f7f608fa800 JavaThread "Thread-3" daemon [_thread_in_native, id=33795, stack(0x0000700005207000,0x0000700005287000)]
=>0x00007f7f608a9800 JavaThread "JavaFX Application Thread" [_thread_in_native, id=775, stack(0x00007ffee03d0000,0x00007ffee0bd0000)]
  0x00007f7f621cf800 JavaThread "Thread-1" daemon [_thread_blocked, id=41227, stack(0x0000700004ffe000,0x00007000050fe000)]
  0x00007f7f608b4800 JavaThread "QuantumRenderer-0" daemon [_thread_blocked, id=17155, stack(0x0000700004efb000,0x0000700004ffb000)]
  0x00007f7f6182f000 JavaThread "Service Thread" daemon [_thread_blocked, id=13827, stack(0x0000700004cf5000,0x0000700004df5000)]
  0x00007f7f61814000 JavaThread "C1 CompilerThread2" daemon [_thread_blocked, id=13571, stack(0x0000700004bf2000,0x0000700004cf2000)]
  0x00007f7f61813800 JavaThread "C2 CompilerThread1" daemon [_thread_blocked, id=17667, stack(0x0000700004aef000,0x0000700004bef000)]
  0x00007f7f61812000 JavaThread "C2 CompilerThread0" daemon [_thread_blocked, id=18179, stack(0x00007000049ec000,0x0000700004aec000)]
  0x00007f7f61802000 JavaThread "Signal Dispatcher" daemon [_thread_blocked, id=18435, stack(0x00007000048e9000,0x00007000049e9000)]
  0x00007f7f61011800 JavaThread "Finalizer" daemon [_thread_blocked, id=20227, stack(0x00007000047e6000,0x00007000048e6000)]
  0x00007f7f6100f000 JavaThread "Reference Handler" daemon [_thread_blocked, id=20483, stack(0x00007000046e3000,0x00007000047e3000)]
  0x00007f7f60806800 JavaThread "main" [_thread_blocked, id=9219, stack(0x00007000040d1000,0x00007000041d1000)]

Other Threads:
  0x00007f7f6100a800 VMThread [stack: 0x00007000045e0000,0x00007000046e0000] [id=11523]
  0x00007f7f62001000 WatcherThread [stack: 0x0000700004df8000,0x0000700004ef8000] [id=14339]

VM state:not at safepoint (normal execution)

VM Mutex/Monitor currently owned by a thread: None

Heap:
 PSYoungGen      total 76288K, used 60406K [0x000000076ab00000, 0x0000000770000000, 0x00000007c0000000)
  eden space 65536K, 92% used [0x000000076ab00000,0x000000076e5fd998,0x000000076eb00000)
  from space 10752K, 0% used [0x000000076f580000,0x000000076f580000,0x0000000770000000)
  to   space 10752K, 0% used [0x000000076eb00000,0x000000076eb00000,0x000000076f580000)
 ParOldGen       total 175104K, used 0K [0x00000006c0000000, 0x00000006cab00000, 0x000000076ab00000)
  object space 175104K, 0% used [0x00000006c0000000,0x00000006c0000000,0x00000006cab00000)
 Metaspace       used 19542K, capacity 20810K, committed 21120K, reserved 1067008K
  class space    used 2899K, capacity 3123K, committed 3200K, reserved 1048576K

Card table byte_map: [0x0000000110d6e000,0x000000011156f000] byte_map_base: 0x000000010d76e000

Marking Bits: (ParMarkBitMap*) 0x00000001102f76e0
 Begin Bits: [0x0000000111ac5000, 0x0000000115ac5000)
 End Bits:   [0x0000000115ac5000, 0x0000000119ac5000)

Polling page: 0x000000010f0a9000

CodeCache: size=245760Kb used=8347Kb max_used=8347Kb free=237412Kb
 bounds [0x000000011a28d000, 0x000000011aabd000, 0x000000012928d000]
 total_blobs=3305 nmethods=2657 adapters=559
 compilation: enabled

Compilation events (10 events):
Event: 7.288 Thread 0x00007f7f61814000 nmethod 2654 0x000000011aaae550 code [0x000000011aaae740, 0x000000011aaaefe8]
Event: 7.359 Thread 0x00007f7f61814000 2655       1       com.sun.javafx.stage.WindowEventDispatcher::getLastDispatcher (5 bytes)
Event: 7.360 Thread 0x00007f7f61814000 nmethod 2655 0x000000011aa91e10 code [0x000000011aa91f60, 0x000000011aa92070]
Event: 7.363 Thread 0x00007f7f61814000 2656       3       com.sun.javafx.binding.ExpressionHelper$Generic::addListener (6 bytes)
Event: 7.364 Thread 0x00007f7f61814000 nmethod 2656 0x000000011aaa0f10 code [0x000000011aaa1080, 0x000000011aaa1228]
Event: 7.364 Thread 0x00007f7f61814000 2657       3       com.sun.javafx.binding.ExpressionHelper$Generic::addListener (151 bytes)
Event: 7.364 Thread 0x00007f7f61814000 nmethod 2657 0x000000011aaaf310 code [0x000000011aaaf500, 0x000000011aab00a8]
Event: 7.366 Thread 0x00007f7f61814000 2658       3       javafx.scene.Node::pseudoClassStateChanged (59 bytes)
Event: 7.367 Thread 0x00007f7f61814000 nmethod 2658 0x000000011aab0490 code [0x000000011aab0640, 0x000000011aab0c78]
Event: 7.378 Thread 0x00007f7f61814000 2659       3       com.sun.javafx.scene.control.skin.LabeledSkinBase::handleControlPropertyChanged (330 bytes)

GC Heap History (0 events):
No events

Deoptimization events (10 events):
Event: 5.920 Thread 0x00007f7f608a9800 Uncommon trap: reason=unstable_if action=reinterpret pc=0x000000011a9c017c method=com.sun.javafx.css.StyleManager$CacheContainer.getStyleMap(I)Lcom/sun/javafx/css/StyleMap; @ 22
Event: 5.921 Thread 0x00007f7f608a9800 Uncommon trap: reason=unstable_if action=reinterpret pc=0x000000011a8f4538 method=com.sun.javafx.css.StyleManager$CacheContainer.getStyleMap(I)Lcom/sun/javafx/css/StyleMap; @ 22
Event: 5.926 Thread 0x00007f7f608a9800 Uncommon trap: reason=array_check action=maybe_recompile pc=0x000000011aa1e368 method=com.sun.javafx.css.CompoundSelector.applies(Ljavafx/css/Styleable;[Ljava/util/Set;I)Z @ 128
Event: 5.926 Thread 0x00007f7f608a9800 Uncommon trap: reason=array_check action=maybe_recompile pc=0x000000011aa1e368 method=com.sun.javafx.css.CompoundSelector.applies(Ljavafx/css/Styleable;[Ljava/util/Set;I)Z @ 128
Event: 5.926 Thread 0x00007f7f608a9800 Uncommon trap: reason=array_check action=maybe_recompile pc=0x000000011aa1e368 method=com.sun.javafx.css.CompoundSelector.applies(Ljavafx/css/Styleable;[Ljava/util/Set;I)Z @ 128
Event: 5.926 Thread 0x00007f7f608a9800 Uncommon trap: reason=array_check action=maybe_recompile pc=0x000000011aa1e368 method=com.sun.javafx.css.CompoundSelector.applies(Ljavafx/css/Styleable;[Ljava/util/Set;I)Z @ 128
Event: 5.963 Thread 0x00007f7f608a9800 Uncommon trap: reason=class_check action=maybe_recompile pc=0x000000011a92a9a0 method=javafx.scene.Node.updateLocalToParentTransform()V @ 11
Event: 5.966 Thread 0x00007f7f608a9800 Uncommon trap: reason=class_check action=maybe_recompile pc=0x000000011a92a9a0 method=javafx.scene.Node.updateLocalToParentTransform()V @ 11
Event: 5.966 Thread 0x00007f7f608a9800 Uncommon trap: reason=class_check action=maybe_recompile pc=0x000000011a92a9a0 method=javafx.scene.Node.updateLocalToParentTransform()V @ 11
Event: 5.966 Thread 0x00007f7f608a9800 Uncommon trap: reason=class_check action=maybe_recompile pc=0x000000011a92a9a0 method=javafx.scene.Node.updateLocalToParentTransform()V @ 11

Classes redefined (0 events):
No events

Internal exceptions (10 events):
Event: 0.648 Thread 0x00007f7f608a9800 Implicit null exception at 0x000000011a4dcfb5 to 0x000000011a4dd1b1
Event: 0.707 Thread 0x00007f7f608a9800 Exception <a 'java/lang/ArrayIndexOutOfBoundsException'> (0x000000076c3dd258) thrown at [/Users/java_re/workspace/8-2-build-macosx-x86_64/jdk8u171/10807/hotspot/src/share/vm/runtime/sharedRuntime.cpp, line 605]
Event: 0.708 Thread 0x00007f7f608a9800 Exception <a 'java/lang/ArrayIndexOutOfBoundsException'> (0x000000076c3ddd70) thrown at [/Users/java_re/workspace/8-2-build-macosx-x86_64/jdk8u171/10807/hotspot/src/share/vm/runtime/sharedRuntime.cpp, line 605]
Event: 0.708 Thread 0x00007f7f608a9800 Exception <a 'java/lang/ArrayIndexOutOfBoundsException'> (0x000000076c3df118) thrown at [/Users/java_re/workspace/8-2-build-macosx-x86_64/jdk8u171/10807/hotspot/src/share/vm/runtime/sharedRuntime.cpp, line 605]
Event: 0.977 Thread 0x00007f7f608a9800 Exception <a 'java/lang/ArrayIndexOutOfBoundsException'> (0x000000076c55bf00) thrown at [/Users/java_re/workspace/8-2-build-macosx-x86_64/jdk8u171/10807/hotspot/src/share/vm/runtime/sharedRuntime.cpp, line 605]
Event: 0.977 Thread 0x00007f7f608a9800 Exception <a 'java/lang/ArrayIndexOutOfBoundsException'> (0x000000076c55d2f0) thrown at [/Users/java_re/workspace/8-2-build-macosx-x86_64/jdk8u171/10807/hotspot/src/share/vm/runtime/sharedRuntime.cpp, line 605]
Event: 1.019 Thread 0x00007f7f608a9800 Exception <a 'java/lang/ArrayIndexOutOfBoundsException'> (0x000000076c6c2618) thrown at [/Users/java_re/workspace/8-2-build-macosx-x86_64/jdk8u171/10807/hotspot/src/share/vm/runtime/sharedRuntime.cpp, line 605]
Event: 1.080 Thread 0x00007f7f608a9800 Exception <a 'java/lang/ArrayIndexOutOfBoundsException': 70> (0x000000076c95e850) thrown at [/Users/java_re/workspace/8-2-build-macosx-x86_64/jdk8u171/10807/hotspot/src/share/vm/interpreter/interpreterRuntime.cpp, line 366]
Event: 1.108 Thread 0x00007f7f608a9800 Exception <a 'java/io/FileNotFoundException'> (0x000000076cbe5e58) thrown at [/Users/java_re/workspace/8-2-build-macosx-x86_64/jdk8u171/10807/hotspot/src/share/vm/prims/jni.cpp, line 709]
Event: 1.383 Thread 0x00007f7f608a9800 Implicit null exception at 0x000000011a755726 to 0x000000011a755f35

Events (10 events):
Event: 5.966 Thread 0x00007f7f608a9800 Uncommon trap: trap_request=0xffffffde fr.pc=0x000000011a92a9a0
Event: 5.966 Thread 0x00007f7f608a9800 DEOPT PACKING pc=0x000000011a92a9a0 sp=0x00007ffee0bc5000
Event: 5.966 Thread 0x00007f7f608a9800 DEOPT UNPACKING pc=0x000000011a2d273a sp=0x00007ffee0bc4fb8 mode 2
Event: 5.966 Thread 0x00007f7f608a9800 Uncommon trap: trap_request=0xffffffde fr.pc=0x000000011a92a9a0
Event: 5.966 Thread 0x00007f7f608a9800 DEOPT PACKING pc=0x000000011a92a9a0 sp=0x00007ffee0bc5000
Event: 5.966 Thread 0x00007f7f608a9800 DEOPT UNPACKING pc=0x000000011a2d273a sp=0x00007ffee0bc4fb8 mode 2
Event: 5.973 Executing VM operation: RevokeBias
Event: 5.973 Executing VM operation: RevokeBias done
Event: 7.002 Executing VM operation: RevokeBias
Event: 7.002 Executing VM operation: RevokeBias done


Dynamic libraries:
0x0000000026f21000 	/System/Library/Frameworks/Cocoa.framework/Versions/A/Cocoa
0x0000000026f21000 	/System/Library/Frameworks/Security.framework/Versions/A/Security
0x0000000026f21000 	/System/Library/Frameworks/ApplicationServices.framework/Versions/A/ApplicationServices
0x0000000026f21000 	/usr/lib/libz.1.dylib
0x0000000026f21000 	/usr/lib/libSystem.B.dylib
0x0000000026f21000 	/usr/lib/libobjc.A.dylib
0x0000000026f21000 	/System/Library/Frameworks/CoreFoundation.framework/Versions/A/CoreFoundation
0x0000000026f21000 	/System/Library/Frameworks/Foundation.framework/Versions/C/Foundation
0x0000000026f21000 	/System/Library/Frameworks/AppKit.framework/Versions/C/AppKit
0x0000000026f21000 	/System/Library/Frameworks/CoreData.framework/Versions/A/CoreData
0x0000000026f21000 	/System/Library/PrivateFrameworks/RemoteViewServices.framework/Versions/A/RemoteViewServices
0x0000000026f21000 	/System/Library/PrivateFrameworks/UIFoundation.framework/Versions/A/UIFoundation
0x0000000026f21000 	/System/Library/PrivateFrameworks/XCTTargetBootstrap.framework/Versions/A/XCTTargetBootstrap
0x0000000026f21000 	/System/Library/Frameworks/CoreDisplay.framework/Versions/A/CoreDisplay
0x0000000026f21000 	/System/Library/PrivateFrameworks/IconServices.framework/Versions/A/IconServices
0x0000000026f21000 	/System/Library/Frameworks/Metal.framework/Versions/A/Metal
0x0000000026f21000 	/System/Library/PrivateFrameworks/DesktopServicesPriv.framework/Versions/A/DesktopServicesPriv
0x0000000026f21000 	/usr/lib/libenergytrace.dylib
0x0000000026f21000 	/System/Library/PrivateFrameworks/SkyLight.framework/Versions/A/SkyLight
0x0000000026f21000 	/System/Library/Frameworks/CoreGraphics.framework/Versions/A/CoreGraphics
0x0000000026f21000 	/System/Library/Frameworks/Accelerate.framework/Versions/A/Accelerate
0x0000000026f21000 	/System/Library/Frameworks/IOSurface.framework/Versions/A/IOSurface
0x0000000026f21000 	/System/Library/PrivateFrameworks/DFRFoundation.framework/Versions/A/DFRFoundation
0x0000000026f21000 	/System/Library/Frameworks/AudioToolbox.framework/Versions/A/AudioToolbox
0x0000000026f21000 	/System/Library/Frameworks/AudioUnit.framework/Versions/A/AudioUnit
0x0000000026f21000 	/System/Library/PrivateFrameworks/DataDetectorsCore.framework/Versions/A/DataDetectorsCore
0x0000000026f21000 	/System/Library/Frameworks/Carbon.framework/Versions/A/Frameworks/HIToolbox.framework/Versions/A/HIToolbox
0x0000000026f21000 	/usr/lib/libicucore.A.dylib
0x0000000026f21000 	/System/Library/Frameworks/QuartzCore.framework/Versions/A/QuartzCore
0x0000000026f21000 	/System/Library/Frameworks/Carbon.framework/Versions/A/Frameworks/SpeechRecognition.framework/Versions/A/SpeechRecognition
0x0000000026f21000 	/usr/lib/libauto.dylib
0x0000000026f21000 	/usr/lib/libxml2.2.dylib
0x0000000026f21000 	/System/Library/PrivateFrameworks/CoreUI.framework/Versions/A/CoreUI
0x0000000026f21000 	/System/Library/Frameworks/CoreAudio.framework/Versions/A/CoreAudio
0x0000000026f21000 	/System/Library/Frameworks/DiskArbitration.framework/Versions/A/DiskArbitration
0x0000000026f21000 	/usr/lib/liblangid.dylib
0x0000000026f21000 	/System/Library/PrivateFrameworks/MultitouchSupport.framework/Versions/A/MultitouchSupport
0x0000000026f21000 	/System/Library/Frameworks/IOKit.framework/Versions/A/IOKit
0x0000000026f21000 	/usr/lib/libDiagnosticMessagesClient.dylib
0x0000000026f21000 	/System/Library/Frameworks/CoreServices.framework/Versions/A/CoreServices
0x0000000026f21000 	/System/Library/PrivateFrameworks/PerformanceAnalysis.framework/Versions/A/PerformanceAnalysis
0x0000000026f21000 	/System/Library/Frameworks/OpenGL.framework/Versions/A/OpenGL
0x0000000026f21000 	/System/Library/Frameworks/ColorSync.framework/Versions/A/ColorSync
0x0000000026f21000 	/System/Library/Frameworks/CoreImage.framework/Versions/A/CoreImage
0x0000000026f21000 	/System/Library/Frameworks/CoreText.framework/Versions/A/CoreText
0x0000000026f21000 	/System/Library/Frameworks/ImageIO.framework/Versions/A/ImageIO
0x0000000026f21000 	/System/Library/PrivateFrameworks/Backup.framework/Versions/A/Backup
0x0000000026f21000 	/usr/lib/libarchive.2.dylib
0x0000000026f21000 	/System/Library/Frameworks/CFNetwork.framework/Versions/A/CFNetwork
0x0000000026f21000 	/System/Library/Frameworks/SystemConfiguration.framework/Versions/A/SystemConfiguration
0x0000000026f21000 	/usr/lib/libCRFSuite.dylib
0x0000000026f21000 	/usr/lib/libc++.1.dylib
0x0000000026f21000 	/usr/lib/libc++abi.dylib
0x0000000026f21000 	/usr/lib/system/libcache.dylib
0x0000000026f21000 	/usr/lib/system/libcommonCrypto.dylib
0x0000000026f21000 	/usr/lib/system/libcompiler_rt.dylib
0x0000000026f21000 	/usr/lib/system/libcopyfile.dylib
0x0000000026f21000 	/usr/lib/system/libcorecrypto.dylib
0x0000000026f21000 	/usr/lib/system/libdispatch.dylib
0x0000000026f21000 	/usr/lib/system/libdyld.dylib
0x0000000026f21000 	/usr/lib/system/libkeymgr.dylib
0x0000000026f21000 	/usr/lib/system/liblaunch.dylib
0x0000000026f21000 	/usr/lib/system/libmacho.dylib
0x0000000026f21000 	/usr/lib/system/libquarantine.dylib
0x0000000026f21000 	/usr/lib/system/libremovefile.dylib
0x0000000026f21000 	/usr/lib/system/libsystem_asl.dylib
0x0000000026f21000 	/usr/lib/system/libsystem_blocks.dylib
0x0000000026f21000 	/usr/lib/system/libsystem_c.dylib
0x0000000026f21000 	/usr/lib/system/libsystem_configuration.dylib
0x0000000026f21000 	/usr/lib/system/libsystem_coreservices.dylib
0x0000000026f21000 	/usr/lib/system/libsystem_darwin.dylib
0x0000000026f21000 	/usr/lib/system/libsystem_dnssd.dylib
0x0000000026f21000 	/usr/lib/system/libsystem_info.dylib
0x0000000026f21000 	/usr/lib/system/libsystem_m.dylib
0x0000000026f21000 	/usr/lib/system/libsystem_malloc.dylib
0x0000000026f21000 	/usr/lib/system/libsystem_networkextension.dylib
0x0000000026f21000 	/usr/lib/system/libsystem_notify.dylib
0x0000000026f21000 	/usr/lib/system/libsystem_sandbox.dylib
0x0000000026f21000 	/usr/lib/system/libsystem_secinit.dylib
0x0000000026f21000 	/usr/lib/system/libsystem_kernel.dylib
0x0000000026f21000 	/usr/lib/system/libsystem_platform.dylib
0x0000000026f21000 	/usr/lib/system/libsystem_pthread.dylib
0x0000000026f21000 	/usr/lib/system/libsystem_symptoms.dylib
0x0000000026f21000 	/usr/lib/system/libsystem_trace.dylib
0x0000000026f21000 	/usr/lib/system/libunwind.dylib
0x0000000026f21000 	/usr/lib/system/libxpc.dylib
0x0000000026f21000 	/usr/lib/libbsm.0.dylib
0x0000000026f21000 	/usr/lib/system/libkxld.dylib
0x0000000026f21000 	/System/Library/PrivateFrameworks/AppleFSCompression.framework/Versions/A/AppleFSCompression
0x0000000026f21000 	/usr/lib/libOpenScriptingUtil.dylib
0x0000000026f21000 	/usr/lib/libcoretls.dylib
0x0000000026f21000 	/usr/lib/libcoretls_cfhelpers.dylib
0x0000000026f21000 	/usr/lib/libpam.2.dylib
0x0000000026f21000 	/usr/lib/libsqlite3.dylib
0x0000000026f21000 	/usr/lib/libxar.1.dylib
0x0000000026f21000 	/usr/lib/libbz2.1.0.dylib
0x0000000026f21000 	/usr/lib/liblzma.5.dylib
0x0000000026f21000 	/usr/lib/libnetwork.dylib
0x0000000026f21000 	/usr/lib/libapple_nghttp2.dylib
0x0000000026f21000 	/usr/lib/libpcap.A.dylib
0x0000000026f21000 	/System/Library/Frameworks/CoreServices.framework/Versions/A/Frameworks/FSEvents.framework/Versions/A/FSEvents
0x0000000026f21000 	/System/Library/Frameworks/CoreServices.framework/Versions/A/Frameworks/CarbonCore.framework/Versions/A/CarbonCore
0x0000000026f21000 	/System/Library/Frameworks/CoreServices.framework/Versions/A/Frameworks/Metadata.framework/Versions/A/Metadata
0x0000000026f21000 	/System/Library/Frameworks/CoreServices.framework/Versions/A/Frameworks/OSServices.framework/Versions/A/OSServices
0x0000000026f21000 	/System/Library/Frameworks/CoreServices.framework/Versions/A/Frameworks/SearchKit.framework/Versions/A/SearchKit
0x0000000026f21000 	/System/Library/Frameworks/CoreServices.framework/Versions/A/Frameworks/AE.framework/Versions/A/AE
0x0000000026f21000 	/System/Library/Frameworks/CoreServices.framework/Versions/A/Frameworks/LaunchServices.framework/Versions/A/LaunchServices
0x0000000026f21000 	/System/Library/Frameworks/CoreServices.framework/Versions/A/Frameworks/DictionaryServices.framework/Versions/A/DictionaryServices
0x0000000026f21000 	/System/Library/Frameworks/CoreServices.framework/Versions/A/Frameworks/SharedFileList.framework/Versions/A/SharedFileList
0x0000000026f21000 	/System/Library/Frameworks/NetFS.framework/Versions/A/NetFS
0x0000000026f21000 	/System/Library/PrivateFrameworks/NetAuth.framework/Versions/A/NetAuth
0x0000000026f21000 	/System/Library/PrivateFrameworks/login.framework/Versions/A/Frameworks/loginsupport.framework/Versions/A/loginsupport
0x0000000026f21000 	/System/Library/PrivateFrameworks/TCC.framework/Versions/A/TCC
0x0000000026f21000 	/System/Library/PrivateFrameworks/CoreNLP.framework/Versions/A/CoreNLP
0x0000000026f21000 	/System/Library/PrivateFrameworks/MetadataUtilities.framework/Versions/A/MetadataUtilities
0x0000000026f21000 	/usr/lib/libmecabra.dylib
0x0000000026f21000 	/System/Library/Frameworks/ApplicationServices.framework/Versions/A/Frameworks/ATS.framework/Versions/A/ATS
0x0000000026f21000 	/System/Library/Frameworks/ApplicationServices.framework/Versions/A/Frameworks/ColorSyncLegacy.framework/Versions/A/ColorSyncLegacy
0x0000000026f21000 	/System/Library/Frameworks/ApplicationServices.framework/Versions/A/Frameworks/HIServices.framework/Versions/A/HIServices
0x0000000026f21000 	/System/Library/Frameworks/ApplicationServices.framework/Versions/A/Frameworks/LangAnalysis.framework/Versions/A/LangAnalysis
0x0000000026f21000 	/System/Library/Frameworks/ApplicationServices.framework/Versions/A/Frameworks/PrintCore.framework/Versions/A/PrintCore
0x0000000026f21000 	/System/Library/Frameworks/ApplicationServices.framework/Versions/A/Frameworks/QD.framework/Versions/A/QD
0x0000000026f21000 	/System/Library/Frameworks/ApplicationServices.framework/Versions/A/Frameworks/SpeechSynthesis.framework/Versions/A/SpeechSynthesis
0x0000000026f21000 	/usr/lib/libcompression.dylib
0x0000000026f21000 	/System/Library/Frameworks/MetalPerformanceShaders.framework/Versions/A/MetalPerformanceShaders
0x0000000026f21000 	/System/Library/Frameworks/Accelerate.framework/Versions/A/Frameworks/vImage.framework/Versions/A/vImage
0x0000000026f21000 	/System/Library/Frameworks/Accelerate.framework/Versions/A/Frameworks/vecLib.framework/Versions/A/vecLib
0x0000000026f21000 	/System/Library/Frameworks/Accelerate.framework/Versions/A/Frameworks/vecLib.framework/Versions/A/libvMisc.dylib
0x0000000026f21000 	/System/Library/Frameworks/Accelerate.framework/Versions/A/Frameworks/vecLib.framework/Versions/A/libvDSP.dylib
0x0000000026f21000 	/System/Library/Frameworks/Accelerate.framework/Versions/A/Frameworks/vecLib.framework/Versions/A/libBLAS.dylib
0x0000000026f21000 	/System/Library/Frameworks/Accelerate.framework/Versions/A/Frameworks/vecLib.framework/Versions/A/libLAPACK.dylib
0x0000000026f21000 	/System/Library/Frameworks/Accelerate.framework/Versions/A/Frameworks/vecLib.framework/Versions/A/libLinearAlgebra.dylib
0x0000000026f21000 	/System/Library/Frameworks/Accelerate.framework/Versions/A/Frameworks/vecLib.framework/Versions/A/libSparseBLAS.dylib
0x0000000026f21000 	/System/Library/Frameworks/Accelerate.framework/Versions/A/Frameworks/vecLib.framework/Versions/A/libQuadrature.dylib
0x0000000026f21000 	/System/Library/Frameworks/Accelerate.framework/Versions/A/Frameworks/vecLib.framework/Versions/A/libBNNS.dylib
0x0000000026f21000 	/System/Library/Frameworks/Accelerate.framework/Versions/A/Frameworks/vecLib.framework/Versions/A/libSparse.dylib
0x0000000026f21000 	/System/Library/PrivateFrameworks/GPUWrangler.framework/Versions/A/GPUWrangler
0x0000000026f21000 	/System/Library/PrivateFrameworks/IOAccelerator.framework/Versions/A/IOAccelerator
0x0000000026f21000 	/System/Library/PrivateFrameworks/IOPresentment.framework/Versions/A/IOPresentment
0x0000000026f21000 	/System/Library/PrivateFrameworks/DSExternalDisplay.framework/Versions/A/DSExternalDisplay
0x0000000026f21000 	/System/Library/Frameworks/OpenGL.framework/Versions/A/Libraries/libCoreFSCache.dylib
0x0000000026f21000 	/System/Library/Frameworks/MetalPerformanceShaders.framework/Frameworks/MPSCore.framework/Versions/A/MPSCore
0x0000000026f21000 	/System/Library/Frameworks/MetalPerformanceShaders.framework/Frameworks/MPSImage.framework/Versions/A/MPSImage
0x0000000026f21000 	/System/Library/Frameworks/MetalPerformanceShaders.framework/Frameworks/MPSNeuralNetwork.framework/Versions/A/MPSNeuralNetwork
0x0000000026f21000 	/System/Library/Frameworks/MetalPerformanceShaders.framework/Frameworks/MPSMatrix.framework/Versions/A/MPSMatrix
0x0000000026f21000 	/System/Library/Frameworks/MetalPerformanceShaders.framework/Frameworks/MPSRayIntersector.framework/Versions/A/MPSRayIntersector
0x0000000026f21000 	/System/Library/PrivateFrameworks/MetalTools.framework/Versions/A/MetalTools
0x0000000026f21000 	/System/Library/PrivateFrameworks/AggregateDictionary.framework/Versions/A/AggregateDictionary
0x0000000026f21000 	/usr/lib/libMobileGestalt.dylib
0x0000000026f21000 	/System/Library/Frameworks/CoreVideo.framework/Versions/A/CoreVideo
0x0000000026f21000 	/System/Library/PrivateFrameworks/GraphVisualizer.framework/Versions/A/GraphVisualizer
0x0000000026f21000 	/System/Library/PrivateFrameworks/FaceCore.framework/Versions/A/FaceCore
0x0000000026f21000 	/System/Library/Frameworks/OpenCL.framework/Versions/A/OpenCL
0x0000000026f21000 	/usr/lib/libFosl_dynamic.dylib
0x0000000026f21000 	/System/Library/PrivateFrameworks/OTSVG.framework/Versions/A/OTSVG
0x0000000026f21000 	/System/Library/Frameworks/ApplicationServices.framework/Versions/A/Frameworks/ATS.framework/Versions/A/Resources/libFontParser.dylib
0x0000000026f21000 	/System/Library/Frameworks/ApplicationServices.framework/Versions/A/Frameworks/ATS.framework/Versions/A/Resources/libFontRegistry.dylib
0x0000000026f21000 	/System/Library/Frameworks/ImageIO.framework/Versions/A/Resources/libJPEG.dylib
0x0000000026f21000 	/System/Library/Frameworks/ImageIO.framework/Versions/A/Resources/libTIFF.dylib
0x0000000026f21000 	/System/Library/Frameworks/ImageIO.framework/Versions/A/Resources/libPng.dylib
0x0000000026f21000 	/System/Library/Frameworks/ImageIO.framework/Versions/A/Resources/libGIF.dylib
0x0000000026f21000 	/System/Library/Frameworks/ImageIO.framework/Versions/A/Resources/libJP2.dylib
0x0000000026f21000 	/System/Library/Frameworks/ImageIO.framework/Versions/A/Resources/libRadiance.dylib
0x0000000026f21000 	/System/Library/PrivateFrameworks/AppleJPEG.framework/Versions/A/AppleJPEG
0x0000000026f21000 	/System/Library/Frameworks/OpenGL.framework/Versions/A/Libraries/libGFXShared.dylib
0x0000000026f21000 	/System/Library/Frameworks/OpenGL.framework/Versions/A/Libraries/libGLU.dylib
0x0000000026f21000 	/System/Library/Frameworks/OpenGL.framework/Versions/A/Libraries/libGL.dylib
0x0000000026f21000 	/System/Library/Frameworks/OpenGL.framework/Versions/A/Libraries/libGLImage.dylib
0x0000000026f21000 	/System/Library/Frameworks/OpenGL.framework/Versions/A/Libraries/libCVMSPluginSupport.dylib
0x0000000026f21000 	/System/Library/Frameworks/OpenGL.framework/Versions/A/Libraries/libCoreVMClient.dylib
0x0000000026f21000 	/usr/lib/libcups.2.dylib
0x0000000026f21000 	/System/Library/Frameworks/Kerberos.framework/Versions/A/Kerberos
0x0000000026f21000 	/System/Library/Frameworks/GSS.framework/Versions/A/GSS
0x0000000026f21000 	/usr/lib/libresolv.9.dylib
0x0000000026f21000 	/usr/lib/libiconv.2.dylib
0x0000000026f21000 	/System/Library/PrivateFrameworks/Heimdal.framework/Versions/A/Heimdal
0x0000000026f21000 	/usr/lib/libheimdal-asn1.dylib
0x0000000026f21000 	/System/Library/Frameworks/OpenDirectory.framework/Versions/A/OpenDirectory
0x0000000026f21000 	/System/Library/PrivateFrameworks/CommonAuth.framework/Versions/A/CommonAuth
0x0000000026f21000 	/System/Library/Frameworks/OpenDirectory.framework/Versions/A/Frameworks/CFOpenDirectory.framework/Versions/A/CFOpenDirectory
0x0000000026f21000 	/System/Library/Frameworks/SecurityFoundation.framework/Versions/A/SecurityFoundation
0x0000000026f21000 	/System/Library/PrivateFrameworks/APFS.framework/Versions/A/APFS
0x0000000026f21000 	/usr/lib/libutil.dylib
0x0000000026f21000 	/usr/lib/libcharset.1.dylib
0x0000000026f21000 	/System/Library/PrivateFrameworks/AppleSauce.framework/Versions/A/AppleSauce
0x0000000026f21000 	/System/Library/PrivateFrameworks/AssertionServices.framework/Versions/A/AssertionServices
0x0000000026f21000 	/System/Library/PrivateFrameworks/BaseBoard.framework/Versions/A/BaseBoard
0x0000000026f21000 	/usr/lib/libmecab.1.0.0.dylib
0x0000000026f21000 	/usr/lib/libgermantok.dylib
0x0000000026f21000 	/usr/lib/libThaiTokenizer.dylib
0x0000000026f21000 	/usr/lib/libChineseTokenizer.dylib
0x0000000026f21000 	/System/Library/PrivateFrameworks/LanguageModeling.framework/Versions/A/LanguageModeling
0x0000000026f21000 	/System/Library/PrivateFrameworks/CoreEmoji.framework/Versions/A/CoreEmoji
0x0000000026f21000 	/System/Library/PrivateFrameworks/Lexicon.framework/Versions/A/Lexicon
0x0000000026f21000 	/System/Library/PrivateFrameworks/LinguisticData.framework/Versions/A/LinguisticData
0x0000000026f21000 	/usr/lib/libcmph.dylib
0x0000000026f21000 	/System/Library/Frameworks/ServiceManagement.framework/Versions/A/ServiceManagement
0x0000000026f21000 	/System/Library/PrivateFrameworks/BackgroundTaskManagement.framework/Versions/A/BackgroundTaskManagement
0x0000000026f21000 	/usr/lib/libxslt.1.dylib
0x0000000026f21000 	/System/Library/Frameworks/Carbon.framework/Versions/A/Frameworks/Ink.framework/Versions/A/Ink
0x0000000026f21000 	/System/Library/PrivateFrameworks/TextureIO.framework/Versions/A/TextureIO
0x0000000026f21000 	/usr/lib/libate.dylib
0x0000000026f21000 	/System/Library/PrivateFrameworks/CrashReporterSupport.framework/Versions/A/CrashReporterSupport
0x0000000026f21000 	/System/Library/PrivateFrameworks/Sharing.framework/Versions/A/Sharing
0x0000000026f21000 	/System/Library/PrivateFrameworks/AuthKit.framework/Versions/A/AuthKit
0x0000000026f21000 	/System/Library/PrivateFrameworks/Apple80211.framework/Versions/A/Apple80211
0x0000000026f21000 	/System/Library/PrivateFrameworks/CoreUtils.framework/Versions/A/CoreUtils
0x0000000026f21000 	/System/Library/Frameworks/CoreWLAN.framework/Versions/A/CoreWLAN
0x0000000026f21000 	/System/Library/Frameworks/IOBluetooth.framework/Versions/A/IOBluetooth
0x0000000026f21000 	/System/Library/PrivateFrameworks/ProtocolBuffer.framework/Versions/A/ProtocolBuffer
0x0000000026f21000 	/System/Library/PrivateFrameworks/MobileKeyBag.framework/Versions/A/MobileKeyBag
0x0000000026f21000 	/System/Library/PrivateFrameworks/CorePhoneNumbers.framework/Versions/A/CorePhoneNumbers
0x0000000026f21000 	/System/Library/PrivateFrameworks/AppleIDAuthSupport.framework/Versions/A/AppleIDAuthSupport
0x0000000026f21000 	/System/Library/PrivateFrameworks/KeychainCircle.framework/Versions/A/KeychainCircle
0x0000000026f21000 	/System/Library/PrivateFrameworks/ROCKit.framework/Versions/A/ROCKit
0x0000000026f21000 	/System/Library/PrivateFrameworks/CoreWiFi.framework/Versions/A/CoreWiFi
0x0000000026f21000 	/System/Library/Frameworks/CoreBluetooth.framework/Versions/A/CoreBluetooth
0x0000000026f21000 	/System/Library/PrivateFrameworks/DebugSymbols.framework/Versions/A/DebugSymbols
0x0000000026f21000 	/System/Library/PrivateFrameworks/CoreSymbolication.framework/Versions/A/CoreSymbolication
0x0000000026f21000 	/System/Library/PrivateFrameworks/Symbolication.framework/Versions/A/Symbolication
0x0000000026f21000 	/System/Library/PrivateFrameworks/SpeechRecognitionCore.framework/Versions/A/SpeechRecognitionCore
0x000000010fa00000 	/Library/Java/JavaVirtualMachines/jdk1.8.0_171.jdk/Contents/Home/jre/lib/server/libjvm.dylib
0x0000000026f21000 	/usr/lib/libstdc++.6.dylib
0x000000010f065000 	/Library/Java/JavaVirtualMachines/jdk1.8.0_171.jdk/Contents/Home/jre/lib/libverify.dylib
0x000000010f073000 	/Library/Java/JavaVirtualMachines/jdk1.8.0_171.jdk/Contents/Home/jre/lib/libjava.dylib
0x000000010f0f3000 	/Library/Java/JavaVirtualMachines/jdk1.8.0_171.jdk/Contents/Home/jre/lib/libzip.dylib
0x000000012af1e000 	/Library/Java/JavaVirtualMachines/jdk1.8.0_171.jdk/Contents/Home/jre/lib/libprism_es2.dylib
0x0000000026f21000 	/System/Library/PrivateFrameworks/CoreServicesInternal.framework/Versions/A/CoreServicesInternal
0x0000000026f21000 	/System/Library/Frameworks/OpenGL.framework/Versions/A/Resources/GLEngine.bundle/GLEngine
0x0000000026f21000 	/System/Library/Frameworks/OpenGL.framework/Versions/A/Libraries/libGLProgrammability.dylib
0x0000000026f21000 	/System/Library/Extensions/AppleIntelKBLGraphicsGLDriver.bundle/Contents/MacOS/AppleIntelKBLGraphicsGLDriver
0x0000000026f21000 	/System/Library/PrivateFrameworks/GPUSupport.framework/Versions/A/Libraries/libGPUSupportMercury.dylib
0x0000000026f21000 	/System/Library/Frameworks/OpenGL.framework/Versions/A/Resources/GLRendererFloat.bundle/GLRendererFloat
0x0000000026f21000 	/System/Library/Frameworks/OpenCL.framework/Versions/A/Libraries/libcldcpuengine.dylib
0x0000000026f21000 	/usr/lib/libcrypto.35.dylib
0x0000000026f21000 	/System/Library/PrivateFrameworks/TrustEvaluationAgent.framework/Versions/A/TrustEvaluationAgent
0x000000012c500000 	/Library/Java/JavaVirtualMachines/jdk1.8.0_171.jdk/Contents/Home/jre/lib/libglass.dylib
0x0000000026f21000 	/System/Library/CoreServices/RawCamera.bundle/Contents/MacOS/RawCamera
0x0000000026f21000 	/System/Library/PrivateFrameworks/MobileAsset.framework/Versions/A/MobileAsset
0x0000000026f21000 	/System/Library/PrivateFrameworks/StreamingZip.framework/Versions/A/StreamingZip
0x0000000026f21000 	/System/Library/Frameworks/MediaToolbox.framework/Versions/A/MediaToolbox
0x0000000026f21000 	/System/Library/PrivateFrameworks/CoreAVCHD.framework/Versions/A/CoreAVCHD
0x0000000026f21000 	/System/Library/Frameworks/MediaAccessibility.framework/Versions/A/MediaAccessibility
0x0000000026f21000 	/System/Library/PrivateFrameworks/Mangrove.framework/Versions/A/Mangrove
0x0000000026f21000 	/System/Library/Frameworks/CoreMedia.framework/Versions/A/CoreMedia
0x0000000026f21000 	/System/Library/Frameworks/VideoToolbox.framework/Versions/A/VideoToolbox
0x0000000026f21000 	/System/Library/PrivateFrameworks/CoreAUC.framework/Versions/A/CoreAUC
0x0000000026f21000 	/usr/lib/libspindump.dylib
0x0000000026f21000 	/System/Library/PrivateFrameworks/AppleVA.framework/Versions/A/AppleVA
0x0000000026f21000 	/System/Library/Frameworks/Accelerate.framework/Versions/A/Frameworks/vImage.framework/Versions/A/Libraries/libCGInterfaces.dylib
0x0000000026f21000 	/System/Library/PrivateFrameworks/FamilyControls.framework/Versions/A/FamilyControls
0x0000000026f21000 	/System/Library/PrivateFrameworks/CommerceKit.framework/Versions/A/Frameworks/CommerceCore.framework/Versions/A/CommerceCore
0x0000000026f21000 	/System/Library/PrivateFrameworks/SystemAdministration.framework/Versions/A/SystemAdministration
0x0000000026f21000 	/System/Library/PrivateFrameworks/AppContainer.framework/Versions/A/AppContainer
0x0000000026f21000 	/System/Library/PrivateFrameworks/AppSandbox.framework/Versions/A/AppSandbox
0x0000000026f21000 	/System/Library/PrivateFrameworks/SecCodeWrapper.framework/Versions/A/SecCodeWrapper
0x0000000026f21000 	/usr/lib/libsandbox.1.dylib
0x0000000026f21000 	/usr/lib/libMatch.1.dylib
0x0000000026f21000 	/System/Library/PrivateFrameworks/DiskManagement.framework/Versions/A/DiskManagement
0x0000000026f21000 	/System/Library/Frameworks/DirectoryService.framework/Versions/A/DirectoryService
0x0000000026f21000 	/System/Library/PrivateFrameworks/DiskImages.framework/Versions/A/DiskImages
0x0000000026f21000 	/System/Library/PrivateFrameworks/LoginUIKit.framework/Versions/A/Frameworks/LoginUICore.framework/Versions/A/LoginUICore
0x0000000026f21000 	/usr/lib/libCoreStorage.dylib
0x0000000026f21000 	/usr/lib/libcsfde.dylib
0x0000000026f21000 	/usr/lib/libodfde.dylib
0x0000000026f21000 	/System/Library/PrivateFrameworks/MediaKit.framework/Versions/A/MediaKit
0x0000000026f21000 	/System/Library/Frameworks/DiscRecording.framework/Versions/A/DiscRecording
0x0000000026f21000 	/System/Library/PrivateFrameworks/EFILogin.framework/Versions/A/EFILogin
0x0000000026f21000 	/System/Library/PrivateFrameworks/ProtectedCloudStorage.framework/Versions/A/ProtectedCloudStorage
0x0000000026f21000 	/usr/lib/libcurl.4.dylib
0x0000000026f21000 	/usr/lib/libcrypto.42.dylib
0x0000000026f21000 	/usr/lib/libssl.44.dylib
0x0000000026f21000 	/System/Library/Frameworks/LDAP.framework/Versions/A/LDAP
0x0000000026f21000 	/usr/lib/libsasl2.2.dylib
0x0000000026f21000 	/System/Library/PrivateFrameworks/CoreDaemon.framework/Versions/B/CoreDaemon
0x0000000026f21000 	/System/Library/PrivateFrameworks/AppleSRP.framework/Versions/A/AppleSRP
0x0000000026f21000 	/System/Library/PrivateFrameworks/ViewBridge.framework/Versions/A/ViewBridge
0x000000012c041000 	/usr/lib/libobjc-trampolines.dylib
0x000000012b7af000 	/Library/Java/JavaVirtualMachines/jdk1.8.0_171.jdk/Contents/Home/jre/lib/libjavafx_font.dylib
0x0000000026f21000 	/System/Library/Frameworks/ApplicationServices.framework/Versions/A/Frameworks/ATS.framework/Versions/A/Resources/libTrueTypeScaler.dylib
0x000000013045e000 	/Library/Java/JavaVirtualMachines/jdk1.8.0_171.jdk/Contents/Home/jre/lib/libprism_common.dylib
0x0000000026f21000 	/System/Library/Extensions/AppleIntelKBLGraphicsMTLDriver.bundle/Contents/MacOS/AppleIntelKBLGraphicsMTLDriver
0x0000000026f21000 	/System/Library/PrivateFrameworks/GPUCompiler.framework/Versions/3902/Libraries/libmetal_timestamp.dylib
0x0000000026f21000 	/System/Library/PrivateFrameworks/login.framework/Versions/A/login

VM Arguments:
jvm_args: -Dfile.encoding=UTF-8 
java_command: application.Main
java_class_path (initial): /Users/andrewhocking/git/EECS2311/Venn/bin/main:/Users/andrewhocking/git/EECS2311/Venn/bin/test:/Venn/bin/default:/Users/andrewhocking/.gradle/caches/modules-2/files-2.1/org.apache.commons/commons-math3/3.6.1/e4ba98f1d4b3c80ec46392f25e094a6a2e58fcbf/commons-math3-3.6.1.jar:/Users/andrewhocking/.gradle/caches/modules-2/files-2.1/com.google.guava/guava/28.0-jre/54fed371b4b8a8cce1e94a9abd9620982d3aa54b/guava-28.0-jre.jar:/Users/andrewhocking/.gradle/caches/modules-2/files-2.1/com.google.guava/failureaccess/1.0.1/1dcf1de382a0bf95a3d8b0849546c88bac1292c9/failureaccess-1.0.1.jar:/Users/andrewhocking/.gradle/caches/modules-2/files-2.1/com.google.guava/listenablefuture/9999.0-empty-to-avoid-conflict-with-guava/b421526c5f297295adef1c886e5246c39d4ac629/listenablefuture-9999.0-empty-to-avoid-conflict-with-guava.jar:/Users/andrewhocking/.gradle/caches/modules-2/files-2.1/com.google.code.findbugs/jsr305/3.0.2/25ea2e8b0c338a877313bd4672d3fe056ea78f0d/jsr305-3.0.2.jar:/Users/andrewhocking/.gradle/caches/modules-2/files-2.1/org.checkerframework/checker-qual/2.8.1/eb2e8ab75598548cc8acf9a1ca227e480e01881e/checker-qual-2.8.1.jar:/Users/andrewhocking/.gradle/caches/modules-2/files-2.1/com.google.errorprone/error_prone_annotations/2.3.2/d1a0c5032570e0f64be6b4d9c90cdeb103129029/error_prone_annotations-2.3.2.jar:/Users/andrewhocking/.gradle/caches/modules-2/files-2.1/com.google.j2objc/j2objc-annotations/1.3/ba035118bc8bac37d7eff77700720999acd9986d/j2objc-annotations-1.3.jar:/Users/andrewhocking/.gradle/caches/modules-2/files-2.1/org.codehaus.mojo/animal-sniffer-annotations/1.17/f97ce6decaea32b36101e37979f8b647f00681fb/animal-sniffer-annotations-1.17.jar:/Users/andrewhocking/.gradle/caches/modules-2/files-2.1/junit/junit/4.12/2973d150c0dc1fefe998f834810d68f278ea58ec/junit-4.12.jar:/Users/andrewhocking/.gradle/caches/modules-2/files-2.1/org.hamcrest/hamcrest-core/1.3/42a25dc3219429f0e5d060061f71acb49bf010a0/hamcrest-core-1.3.jar:/Users/andrewhocking/.p2/pool/plu
Launcher Type: SUN_STANDARD

Environment Variables:
PATH=/usr/bin:/bin:/usr/sbin:/sbin
SHELL=/usr/local/bin/bash

Signal Handlers:
SIGSEGV: [libjvm.dylib+0x5b512d], sa_mask[0]=11111111011111110111111111111111, sa_flags=SA_ONSTACK|SA_RESTART|SA_SIGINFO
SIGBUS: [libjvm.dylib+0x5b512d], sa_mask[0]=11111111011111110111111111111111, sa_flags=SA_RESTART|SA_SIGINFO
SIGFPE: [libjvm.dylib+0x48aa90], sa_mask[0]=11111111011111110111111111111111, sa_flags=SA_RESTART|SA_SIGINFO
SIGPIPE: [libjvm.dylib+0x48aa90], sa_mask[0]=11111111011111110111111111111111, sa_flags=SA_RESTART|SA_SIGINFO
SIGXFSZ: [libjvm.dylib+0x48aa90], sa_mask[0]=11111111011111110111111111111111, sa_flags=SA_RESTART|SA_SIGINFO
SIGILL: [libjvm.dylib+0x48aa90], sa_mask[0]=11111111011111110111111111111111, sa_flags=SA_RESTART|SA_SIGINFO
SIGUSR1: SIG_DFL, sa_mask[0]=00000000000000000000000000000000, sa_flags=none
SIGUSR2: [libjvm.dylib+0x48a5ae], sa_mask[0]=00100000000000000000000000000000, sa_flags=SA_RESTART|SA_SIGINFO
SIGHUP: [libjvm.dylib+0x488b79], sa_mask[0]=11111111011111110111111111111111, sa_flags=SA_RESTART|SA_SIGINFO
SIGINT: [libjvm.dylib+0x488b79], sa_mask[0]=11111111011111110111111111111111, sa_flags=SA_RESTART|SA_SIGINFO
SIGTERM: [libjvm.dylib+0x488b79], sa_mask[0]=11111111011111110111111111111111, sa_flags=SA_RESTART|SA_SIGINFO
SIGQUIT: [libjvm.dylib+0x488b79], sa_mask[0]=11111111011111110111111111111111, sa_flags=SA_RESTART|SA_SIGINFO


---------------  S Y S T E M  ---------------

OS:Bsduname:Darwin 18.7.0 Darwin Kernel Version 18.7.0: Thu Jan 23 06:52:12 PST 2020; root:xnu-4903.278.25~1/RELEASE_X86_64 x86_64
rlimit: STACK 8192k, CORE 0k, NPROC 1418, NOFILE 10240, AS infinity
load average:3.09 2.59 2.47

CPU:total 4 (initial active 4) (2 cores per cpu, 2 threads per core) family 6 model 142 stepping 9, cmov, cx8, fxsr, mmx, sse, sse2, sse3, ssse3, sse4.1, sse4.2, popcnt, avx, avx2, aes, clmul, erms, 3dnowpref, lzcnt, ht, tsc, tscinvbit, bmi1, bmi2, adx

Memory: 4k page, physical 16777216k(953492k free)

/proc/meminfo:


vm_info: Java HotSpot(TM) 64-Bit Server VM (25.171-b11) for bsd-amd64 JRE (1.8.0_171-b11), built on Mar 28 2018 12:50:57 by "java_re" with gcc 4.2.1 (Based on Apple Inc. build 5658) (LLVM build 2336.11.00)

time: Mon Feb 17 13:56:14 2020
elapsed time: 7 seconds (0d 0h 0m 7s)

